Build started 16/04/2018 4:10:09 PM.
     1>Project "C:\Users\s2970548\Desktop\LabSoftware VS2010\LabSoftware VS2010\LabSoftware VS2010\LabSoftware VS2010.vcxproj" on node 2 (build target(s)).
     1>InitializeBuildStatus:
         Touching "Release\LabSoftware VS2010.unsuccessfulbuild".
       ClCompile:
         C:\Program Files (x86)\Microsoft Visual Studio 10.0\VC\bin\CL.exe /c /Zi /nologo /W3 /WX- /O2 /Oi /Oy- /GL /D WIN32 /D NDEBUG /D _CONSOLE /D _MBCS /Gm- /EHsc /MD /GS /Gy /fp:precise /Zc:wchar_t /Zc:forScope /Fo"Release\\" /Fd"Release\vc100.pdb" /Gd /TP /analyze- /errorReport:prompt common.cpp
         common.cpp
     1>common.cpp(14): warning C4996: 'strcpy': This function or variable may be unsafe. Consider using strcpy_s instead. To disable deprecation, use _CRT_SECURE_NO_WARNINGS. See online help for details.
                 C:\Program Files (x86)\Microsoft Visual Studio 10.0\VC\include\string.h(105) : see declaration of 'strcpy'
     1>common.cpp(23): warning C4996: 'strtok': This function or variable may be unsafe. Consider using strtok_s instead. To disable deprecation, use _CRT_SECURE_NO_WARNINGS. See online help for details.
                 C:\Program Files (x86)\Microsoft Visual Studio 10.0\VC\include\string.h(197) : see declaration of 'strtok'
     1>common.cpp(25): warning C4996: 'strtok': This function or variable may be unsafe. Consider using strtok_s instead. To disable deprecation, use _CRT_SECURE_NO_WARNINGS. See online help for details.
                 C:\Program Files (x86)\Microsoft Visual Studio 10.0\VC\include\string.h(197) : see declaration of 'strtok'
     1>common.cpp(31): warning C4996: 'strtok': This function or variable may be unsafe. Consider using strtok_s instead. To disable deprecation, use _CRT_SECURE_NO_WARNINGS. See online help for details.
                 C:\Program Files (x86)\Microsoft Visual Studio 10.0\VC\include\string.h(197) : see declaration of 'strtok'
     1>common.cpp(35): warning C4996: 'strtok': This function or variable may be unsafe. Consider using strtok_s instead. To disable deprecation, use _CRT_SECURE_NO_WARNINGS. See online help for details.
                 C:\Program Files (x86)\Microsoft Visual Studio 10.0\VC\include\string.h(197) : see declaration of 'strtok'
     1>common.cpp(39): warning C4996: 'strtok': This function or variable may be unsafe. Consider using strtok_s instead. To disable deprecation, use _CRT_SECURE_NO_WARNINGS. See online help for details.
                 C:\Program Files (x86)\Microsoft Visual Studio 10.0\VC\include\string.h(197) : see declaration of 'strtok'
     1>common.cpp(43): warning C4996: 'strtok': This function or variable may be unsafe. Consider using strtok_s instead. To disable deprecation, use _CRT_SECURE_NO_WARNINGS. See online help for details.
                 C:\Program Files (x86)\Microsoft Visual Studio 10.0\VC\include\string.h(197) : see declaration of 'strtok'
     1>common.cpp(47): warning C4996: 'strtok': This function or variable may be unsafe. Consider using strtok_s instead. To disable deprecation, use _CRT_SECURE_NO_WARNINGS. See online help for details.
                 C:\Program Files (x86)\Microsoft Visual Studio 10.0\VC\include\string.h(197) : see declaration of 'strtok'
     1>common.cpp(51): warning C4996: 'strtok': This function or variable may be unsafe. Consider using strtok_s instead. To disable deprecation, use _CRT_SECURE_NO_WARNINGS. See online help for details.
                 C:\Program Files (x86)\Microsoft Visual Studio 10.0\VC\include\string.h(197) : see declaration of 'strtok'
     1>common.cpp(61): warning C4996: 'strtok': This function or variable may be unsafe. Consider using strtok_s instead. To disable deprecation, use _CRT_SECURE_NO_WARNINGS. See online help for details.
                 C:\Program Files (x86)\Microsoft Visual Studio 10.0\VC\include\string.h(197) : see declaration of 'strtok'
     1>common.cpp(65): warning C4996: 'strtok': This function or variable may be unsafe. Consider using strtok_s instead. To disable deprecation, use _CRT_SECURE_NO_WARNINGS. See online help for details.
                 C:\Program Files (x86)\Microsoft Visual Studio 10.0\VC\include\string.h(197) : see declaration of 'strtok'
     1>common.cpp(70): warning C4996: 'strtok': This function or variable may be unsafe. Consider using strtok_s instead. To disable deprecation, use _CRT_SECURE_NO_WARNINGS. See online help for details.
                 C:\Program Files (x86)\Microsoft Visual Studio 10.0\VC\include\string.h(197) : see declaration of 'strtok'
     1>common.cpp(126): warning C4244: '+=' : conversion from 'double' to 'int', possible loss of data
     1>common.cpp(127): warning C4244: '+=' : conversion from 'double' to 'int', possible loss of data
     1>common.cpp(128): warning C4244: '+=' : conversion from 'double' to 'int', possible loss of data
     1>common.cpp(130): warning C4244: '+=' : conversion from 'double' to 'int', possible loss of data
     1>common.cpp(131): warning C4244: '+=' : conversion from 'double' to 'int', possible loss of data
     1>common.cpp(132): warning C4244: '+=' : conversion from 'double' to 'int', possible loss of data
     1>common.cpp(150): warning C4244: '*=' : conversion from 'double' to 'int', possible loss of data
     1>common.cpp(151): warning C4244: '*=' : conversion from 'double' to 'int', possible loss of data
     1>common.cpp(152): warning C4244: '*=' : conversion from 'double' to 'int', possible loss of data
     1>common.cpp(156): warning C4244: '*=' : conversion from 'double' to 'int', possible loss of data
     1>common.cpp(157): warning C4244: '*=' : conversion from 'double' to 'int', possible loss of data
     1>common.cpp(158): warning C4244: '*=' : conversion from 'double' to 'int', possible loss of data
     1>common.cpp(174): warning C4244: '+=' : conversion from 'double' to 'int', possible loss of data
     1>common.cpp(190): warning C4244: '+=' : conversion from 'double' to 'int', possible loss of data
     1>common.cpp(201): warning C4244: '=' : conversion from 'double' to 'int', possible loss of data
     1>common.cpp(202): warning C4244: '=' : conversion from 'double' to 'int', possible loss of data
     1>common.cpp(203): warning C4244: '=' : conversion from 'double' to 'int', possible loss of data
     1>common.cpp(206): warning C4244: '+=' : conversion from 'double' to 'int', possible loss of data
       Link:
         C:\Program Files (x86)\Microsoft Visual Studio 10.0\VC\bin\link.exe /ERRORREPORT:PROMPT /OUT:"C:\Users\s2970548\Desktop\LabSoftware VS2010\LabSoftware VS2010\Release\LabSoftware VS2010.exe" /INCREMENTAL:NO /NOLOGO kernel32.lib user32.lib gdi32.lib winspool.lib comdlg32.lib advapi32.lib shell32.lib ole32.lib oleaut32.lib uuid.lib odbc32.lib odbccp32.lib /MANIFEST /ManifestFile:"Release\LabSoftware VS2010.exe.intermediate.manifest" /MANIFESTUAC:"level='asInvoker' uiAccess='false'" /DEBUG /PDB:"C:\Users\s2970548\Desktop\LabSoftware VS2010\LabSoftware VS2010\Release\LabSoftware VS2010.pdb" /SUBSYSTEM:CONSOLE /OPT:REF /OPT:ICF /LTCG /TLBID:1 /DYNAMICBASE /NXCOMPAT /IMPLIB:"C:\Users\s2970548\Desktop\LabSoftware VS2010\LabSoftware VS2010\Release\LabSoftware VS2010.lib" /MACHINE:X86 Release\common.obj
         Release\main.obj
         Release\queue.obj
         Release\vector.obj
         Generating code
         Finished generating code
         LabSoftware VS2010.vcxproj -> C:\Users\s2970548\Desktop\LabSoftware VS2010\LabSoftware VS2010\Release\LabSoftware VS2010.exe
       Manifest:
         C:\Program Files (x86)\Microsoft SDKs\Windows\v7.0A\bin\mt.exe /nologo /verbose /outputresource:"C:\Users\s2970548\Desktop\LabSoftware VS2010\LabSoftware VS2010\Release\LabSoftware VS2010.exe;#1" /manifest "Release\LabSoftware VS2010.exe.intermediate.manifest"
       FinalizeBuildStatus:
         Deleting file "Release\LabSoftware VS2010.unsuccessfulbuild".
         Touching "Release\LabSoftware VS2010.lastbuildstate".
     1>Done Building Project "C:\Users\s2970548\Desktop\LabSoftware VS2010\LabSoftware VS2010\LabSoftware VS2010\LabSoftware VS2010.vcxproj" (build target(s)).

Build succeeded.

Time Elapsed 00:00:00.81
