C:\USERS\S2970548\DESKTOP\LABSOFTWARE VS2010\LABSOFTWARE VS2010\DEBUG\LABSOFTWARE VS2010.EXE
C:\USERS\S2970548\DESKTOP\LABSOFTWARE VS2010\LABSOFTWARE VS2010\DEBUG\LABSOFTWARE VS2010.ILK
C:\USERS\S2970548\DESKTOP\LABSOFTWARE VS2010\LABSOFTWARE VS2010\DEBUG\LABSOFTWARE VS2010.PDB
C:\Users\s2970548\Desktop\LabSoftware VS2010\LabSoftware VS2010\LabSoftware VS2010\Debug\cl.command.1.tlog
C:\Users\s2970548\Desktop\LabSoftware VS2010\LabSoftware VS2010\LabSoftware VS2010\Debug\cl.read.1.tlog
C:\Users\s2970548\Desktop\LabSoftware VS2010\LabSoftware VS2010\LabSoftware VS2010\Debug\cl.write.1.tlog
C:\USERS\S2970548\DESKTOP\LABSOFTWARE VS2010\LABSOFTWARE VS2010\LABSOFTWARE VS2010\DEBUG\COMMON.OBJ
C:\USERS\S2970548\DESKTOP\LABSOFTWARE VS2010\LABSOFTWARE VS2010\LABSOFTWARE VS2010\DEBUG\LABSOFTWARE VS2010.EXE.EMBED.MANIFEST
C:\USERS\S2970548\DESKTOP\LABSOFTWARE VS2010\LABSOFTWARE VS2010\LABSOFTWARE VS2010\DEBUG\LABSOFTWARE VS2010.EXE.EMBED.MANIFEST.RES
C:\USERS\S2970548\DESKTOP\LABSOFTWARE VS2010\LABSOFTWARE VS2010\LABSOFTWARE VS2010\DEBUG\LABSOFTWARE VS2010.EXE.INTERMEDIATE.MANIFEST
C:\Users\s2970548\Desktop\LabSoftware VS2010\LabSoftware VS2010\LabSoftware VS2010\Debug\LabSoftware VS2010.obj
C:\Users\s2970548\Desktop\LabSoftware VS2010\LabSoftware VS2010\LabSoftware VS2010\Debug\LabSoftware VS2010.write.1.tlog
C:\Users\s2970548\Desktop\LabSoftware VS2010\LabSoftware VS2010\LabSoftware VS2010\Debug\LabSoftware VS2010_manifest.rc
C:\Users\s2970548\Desktop\LabSoftware VS2010\LabSoftware VS2010\LabSoftware VS2010\Debug\link.1584.read.1.tlog
C:\Users\s2970548\Desktop\LabSoftware VS2010\LabSoftware VS2010\LabSoftware VS2010\Debug\link.1584.write.1.tlog
C:\Users\s2970548\Desktop\LabSoftware VS2010\LabSoftware VS2010\LabSoftware VS2010\Debug\link.1584-cvtres.read.1.tlog
C:\Users\s2970548\Desktop\LabSoftware VS2010\LabSoftware VS2010\LabSoftware VS2010\Debug\link.1584-cvtres.write.1.tlog
C:\Users\s2970548\Desktop\LabSoftware VS2010\LabSoftware VS2010\LabSoftware VS2010\Debug\link.2596.read.1.tlog
C:\Users\s2970548\Desktop\LabSoftware VS2010\LabSoftware VS2010\LabSoftware VS2010\Debug\link.2596.write.1.tlog
C:\Users\s2970548\Desktop\LabSoftware VS2010\LabSoftware VS2010\LabSoftware VS2010\Debug\link.2596-cvtres.read.1.tlog
C:\Users\s2970548\Desktop\LabSoftware VS2010\LabSoftware VS2010\LabSoftware VS2010\Debug\link.2596-cvtres.write.1.tlog
C:\Users\s2970548\Desktop\LabSoftware VS2010\LabSoftware VS2010\LabSoftware VS2010\Debug\link.4452.read.1.tlog
C:\Users\s2970548\Desktop\LabSoftware VS2010\LabSoftware VS2010\LabSoftware VS2010\Debug\link.4452.write.1.tlog
C:\Users\s2970548\Desktop\LabSoftware VS2010\LabSoftware VS2010\LabSoftware VS2010\Debug\link.4452-cvtres.read.1.tlog
C:\Users\s2970548\Desktop\LabSoftware VS2010\LabSoftware VS2010\LabSoftware VS2010\Debug\link.4452-cvtres.write.1.tlog
C:\Users\s2970548\Desktop\LabSoftware VS2010\LabSoftware VS2010\LabSoftware VS2010\Debug\link.7304.read.1.tlog
C:\Users\s2970548\Desktop\LabSoftware VS2010\LabSoftware VS2010\LabSoftware VS2010\Debug\link.7304.write.1.tlog
C:\Users\s2970548\Desktop\LabSoftware VS2010\LabSoftware VS2010\LabSoftware VS2010\Debug\link.7304-cvtres.read.1.tlog
C:\Users\s2970548\Desktop\LabSoftware VS2010\LabSoftware VS2010\LabSoftware VS2010\Debug\link.7304-cvtres.write.1.tlog
C:\Users\s2970548\Desktop\LabSoftware VS2010\LabSoftware VS2010\LabSoftware VS2010\Debug\link.7828.read.1.tlog
C:\Users\s2970548\Desktop\LabSoftware VS2010\LabSoftware VS2010\LabSoftware VS2010\Debug\link.7828.write.1.tlog
C:\Users\s2970548\Desktop\LabSoftware VS2010\LabSoftware VS2010\LabSoftware VS2010\Debug\link.7828-cvtres.read.1.tlog
C:\Users\s2970548\Desktop\LabSoftware VS2010\LabSoftware VS2010\LabSoftware VS2010\Debug\link.7828-cvtres.write.1.tlog
C:\Users\s2970548\Desktop\LabSoftware VS2010\LabSoftware VS2010\LabSoftware VS2010\Debug\link.8104.read.1.tlog
C:\Users\s2970548\Desktop\LabSoftware VS2010\LabSoftware VS2010\LabSoftware VS2010\Debug\link.8104.write.1.tlog
C:\Users\s2970548\Desktop\LabSoftware VS2010\LabSoftware VS2010\LabSoftware VS2010\Debug\link.8104-cvtres.read.1.tlog
C:\Users\s2970548\Desktop\LabSoftware VS2010\LabSoftware VS2010\LabSoftware VS2010\Debug\link.8104-cvtres.write.1.tlog
C:\Users\s2970548\Desktop\LabSoftware VS2010\LabSoftware VS2010\LabSoftware VS2010\Debug\link.9192.read.1.tlog
C:\Users\s2970548\Desktop\LabSoftware VS2010\LabSoftware VS2010\LabSoftware VS2010\Debug\link.9192.write.1.tlog
C:\Users\s2970548\Desktop\LabSoftware VS2010\LabSoftware VS2010\LabSoftware VS2010\Debug\link.9192-cvtres.read.1.tlog
C:\Users\s2970548\Desktop\LabSoftware VS2010\LabSoftware VS2010\LabSoftware VS2010\Debug\link.9192-cvtres.write.1.tlog
C:\Users\s2970548\Desktop\LabSoftware VS2010\LabSoftware VS2010\LabSoftware VS2010\Debug\link.command.1.tlog
C:\Users\s2970548\Desktop\LabSoftware VS2010\LabSoftware VS2010\LabSoftware VS2010\Debug\link.read.1.tlog
C:\Users\s2970548\Desktop\LabSoftware VS2010\LabSoftware VS2010\LabSoftware VS2010\Debug\link.write.1.tlog
C:\Users\s2970548\Desktop\LabSoftware VS2010\LabSoftware VS2010\LabSoftware VS2010\Debug\link-cvtres.read.1.tlog
C:\Users\s2970548\Desktop\LabSoftware VS2010\LabSoftware VS2010\LabSoftware VS2010\Debug\link-cvtres.write.1.tlog
C:\USERS\S2970548\DESKTOP\LABSOFTWARE VS2010\LABSOFTWARE VS2010\LABSOFTWARE VS2010\DEBUG\MAIN.OBJ
C:\Users\s2970548\Desktop\LabSoftware VS2010\LabSoftware VS2010\LabSoftware VS2010\Debug\mt.command.1.tlog
C:\Users\s2970548\Desktop\LabSoftware VS2010\LabSoftware VS2010\LabSoftware VS2010\Debug\mt.read.1.tlog
C:\Users\s2970548\Desktop\LabSoftware VS2010\LabSoftware VS2010\LabSoftware VS2010\Debug\mt.write.1.tlog
C:\USERS\S2970548\DESKTOP\LABSOFTWARE VS2010\LABSOFTWARE VS2010\LABSOFTWARE VS2010\DEBUG\QUEUE.OBJ
C:\Users\s2970548\Desktop\LabSoftware VS2010\LabSoftware VS2010\LabSoftware VS2010\Debug\rc.command.1.tlog
C:\Users\s2970548\Desktop\LabSoftware VS2010\LabSoftware VS2010\LabSoftware VS2010\Debug\RC.read.1.tlog
C:\Users\s2970548\Desktop\LabSoftware VS2010\LabSoftware VS2010\LabSoftware VS2010\Debug\RC.write.1.tlog
C:\Users\s2970548\Desktop\LabSoftware VS2010\LabSoftware VS2010\LabSoftware VS2010\Debug\vc100.idb
C:\USERS\S2970548\DESKTOP\LABSOFTWARE VS2010\LABSOFTWARE VS2010\LABSOFTWARE VS2010\DEBUG\VC100.PDB
C:\USERS\S2970548\DESKTOP\LABSOFTWARE VS2010\LABSOFTWARE VS2010\LABSOFTWARE VS2010\DEBUG\VECTOR.OBJ
C:\USERS\S981284\DESKTOP\LABSOFTWARE VS2010\DEBUG\LABSOFTWARE VS2010.EXE
C:\USERS\S981284\DESKTOP\LABSOFTWARE VS2010\DEBUG\LABSOFTWARE VS2010.ILK
C:\USERS\S981284\DESKTOP\LABSOFTWARE VS2010\DEBUG\LABSOFTWARE VS2010.PDB
C:\USERS\S981284\DESKTOP\LABSOFTWARE VS2010\LABSOFTWARE VS2010\DEBUG\LABSOFTWARE VS2010.EXE.EMBED.MANIFEST
C:\USERS\S981284\DESKTOP\LABSOFTWARE VS2010\LABSOFTWARE VS2010\DEBUG\LABSOFTWARE VS2010.EXE.EMBED.MANIFEST.RES
C:\USERS\S981284\DESKTOP\LABSOFTWARE VS2010\LABSOFTWARE VS2010\DEBUG\LABSOFTWARE VS2010.EXE.INTERMEDIATE.MANIFEST
C:\USERS\S981284\DESKTOP\LABSOFTWARE VS2010\LABSOFTWARE VS2010\DEBUG\LABSOFTWARE VS2010.OBJ
C:\USERS\S981284\DESKTOP\LABSOFTWARE VS2010\LABSOFTWARE VS2010\DEBUG\MAIN.OBJ
C:\USERS\S981284\DESKTOP\LABSOFTWARE VS2010\LABSOFTWARE VS2010\DEBUG\VC100.PDB
C:\USERS\S981284\DOCUMENTS\VISUAL STUDIO 2010\PROJECTS\LABSOFTWARE VS2010\LABSOFTWARE VS2010\DEBUG\VC100.PDB
